-------------------------------------------------------------------------------
Test set: com.fst.back_etat_civil.test.AuthControllerFunctionalTest
-------------------------------------------------------------------------------
Tests run: 1, Failures: 1, Errors: 0, Skipped: 0, Time elapsed: 23.934 s <<< FAILURE! - in com.fst.back_etat_civil.test.AuthControllerFunctionalTest
testAuthenticateUser  Time elapsed: 2.314 s  <<< FAILURE!
java.lang.AssertionError: Status expected:<200> but was:<401>
	at com.fst.back_etat_civil.test.AuthControllerFunctionalTest.testAuthenticateUser(AuthControllerFunctionalTest.java:35)

