-------------------------------------------------------------------------------
Test set: com.fst.back_etat_civil.test.AuthControllerIntegrationTest
-------------------------------------------------------------------------------
Tests run: 1, Failures: 1, Errors: 0, Skipped: 0, Time elapsed: 0.665 s <<< FAILURE! - in com.fst.back_etat_civil.test.AuthControllerIntegrationTest
testAuthenticateUser  Time elapsed: 0.664 s  <<< FAILURE!
java.lang.AssertionError: Status expected:<200> but was:<401>
	at com.fst.back_etat_civil.test.AuthControllerIntegrationTest.testAuthenticateUser(AuthControllerIntegrationTest.java:37)

