<?xml version="1.0" encoding="UTF-8"?>
<testsuite xmlns:xsi="http://www.w3.org/2001/XMLSchema-instance" xsi:noNamespaceSchemaLocation="https://maven.apache.org/surefire/maven-surefire-plugin/xsd/surefire-test-report.xsd" name="com.fst.back_etat_civil.test.AuthControllerFunctionalTest" time="23.934" tests="1" errors="0" skipped="0" failures="1">
  <properties>
[...]
</properties>
  <testcase name="testAuthenticateUser" classname="com.fst.back_etat_civil.test.AuthControllerFunctionalTest" time="2.314">
    <failure message="Status expected:&lt;200&gt; but was:&lt;401&gt;" type="java.lang.AssertionError"><![CDATA[java.lang.AssertionError: Status expected:<200> but was:<401>
	at com.fst.back_etat_civil.test.AuthControllerFunctionalTest.testAuthenticateUser(AuthControllerFunctionalTest.java:35)
]]></failure>
    <system-out><![CDATA[2024-06-17 06:11:16.314  INFO 12916 --- [           main] .b.t.c.SpringBootTestContextBootstrapper : Neither @ContextConfiguration nor @ContextHierarchy found for test class [com.fst.back_etat_civil.test.AuthControllerFunctionalTest], using SpringBootContextLoader
2024-06-17 06:11:16.317  INFO 12916 --- [           main] o.s.t.c.support.AbstractContextLoader    : Could not detect default resource locations for test class [com.fst.back_etat_civil.test.AuthControllerFunctionalTest]: no resource found for suffixes {-context.xml, Context.groovy}.
2024-06-17 06:11:16.324  INFO 12916 --- [           main] t.c.s.AnnotationConfigContextLoaderUtils : Could not detect default configuration classes for test class [com.fst.back_etat_civil.test.AuthControllerFunctionalTest]: AuthControllerFunctionalTest does not declare any static, non-private, non-final, nested classes annotated with @Configuration.
2024-06-17 06:11:16.385  INFO 12916 --- [           main] .b.t.c.SpringBootTestContextBootstrapper : Found @SpringBootConfiguration com.fst.back_etat_civil.BackEtatCivilApplication for test class com.fst.back_etat_civil.test.AuthControllerFunctionalTest
2024-06-17 06:11:16.388  INFO 12916 --- [           main] .b.t.c.SpringBootTestContextBootstrapper : Loaded default TestExecutionListener class names from location [META-INF/spring.factories]: [org.springframework.boot.test.mock.mockito.MockitoTestExecutionListener, org.springframework.boot.test.mock.mockito.ResetMocksTestExecutionListener, org.springframework.boot.test.autoconfigure.restdocs.RestDocsTestExecutionListener, org.springframework.boot.test.autoconfigure.web.client.MockRestServiceServerResetTestExecutionListener, org.springframework.boot.test.autoconfigure.web.servlet.MockMvcPrintOnlyOnFailureTestExecutionListener, org.springframework.boot.test.autoconfigure.web.servlet.WebDriverTestExecutionListener, org.springframework.boot.test.autoconfigure.webservices.client.MockWebServiceServerTestExecutionListener, org.springframework.test.context.web.ServletTestExecutionListener, org.springframework.test.context.support.DirtiesContextBeforeModesTestExecutionListener, org.springframework.test.context.event.ApplicationEventsTestExecutionListener, org.springframework.test.context.support.DependencyInjectionTestExecutionListener, org.springframework.test.context.support.DirtiesContextTestExecutionListener, org.springframework.test.context.transaction.TransactionalTestExecutionListener, org.springframework.test.context.jdbc.SqlScriptsTestExecutionListener, org.springframework.test.context.event.EventPublishingTestExecutionListener]
2024-06-17 06:11:16.389  INFO 12916 --- [           main] .b.t.c.SpringBootTestContextBootstrapper : Using TestExecutionListeners: [org.springframework.test.context.web.ServletTestExecutionListener@207bf6d8, org.springframework.test.context.support.DirtiesContextBeforeModesTestExecutionListener@5cdb7b, org.springframework.test.context.event.ApplicationEventsTestExecutionListener@3dcc59f5, org.springframework.boot.test.mock.mockito.MockitoTestExecutionListener@16b1dee7, org.springframework.boot.test.autoconfigure.SpringBootDependencyInjectionTestExecutionListener@690337df, org.springframework.test.context.support.DirtiesContextTestExecutionListener@f62ae87, org.springframework.test.context.transaction.TransactionalTestExecutionListener@50be5d6f, org.springframework.test.context.jdbc.SqlScriptsTestExecutionListener@48e0e779, org.springframework.test.context.event.EventPublishingTestExecutionListener@38ad8c75, org.springframework.boot.test.mock.mockito.ResetMocksTestExecutionListener@22a10b71, org.springframework.boot.test.autoconfigure.restdocs.RestDocsTestExecutionListener@d67f6f, org.springframework.boot.test.autoconfigure.web.client.MockRestServiceServerResetTestExecutionListener@4fc28b23, org.springframework.boot.test.autoconfigure.web.servlet.MockMvcPrintOnlyOnFailureTestExecutionListener@1b58788a, org.springframework.boot.test.autoconfigure.web.servlet.WebDriverTestExecutionListener@31881213, org.springframework.boot.test.autoconfigure.webservices.client.MockWebServiceServerTestExecutionListener@2162e4a]

  .   ____          _            __ _ _
 /\\ / ___'_ __ _ _(_)_ __  __ _ \ \ \ \
( ( )\___ | '_ | '_| | '_ \/ _` | \ \ \ \
 \\/  ___)| |_)| | | | | || (_| |  ) ) ) )
  '  |____| .__|_| |_|_| |_\__, | / / / /
 =========|_|==============|___/=/_/_/_/
 :: Spring Boot ::                (v2.4.3)

2024-06-17 06:11:16.536  INFO 12916 --- [           main] c.f.b.test.AuthControllerFunctionalTest  : Starting AuthControllerFunctionalTest using Java 17.0.4.1 on DESKTOP-R63C1JB with PID 12916 (started by Mas in E:\Projets\Java\back_etat_civil)
2024-06-17 06:11:16.555  INFO 12916 --- [           main] c.f.b.test.AuthControllerFunctionalTest  : No active profile set, falling back to default profiles: default
2024-06-17 06:11:17.440  INFO 12916 --- [           main] .s.d.r.c.RepositoryConfigurationDelegate : Bootstrapping Spring Data JPA repositories in DEFAULT mode.
2024-06-17 06:11:17.474  INFO 12916 --- [           main] .s.d.r.c.RepositoryConfigurationDelegate : Finished Spring Data repository scanning in 33 ms. Found 9 JPA repository interfaces.
2024-06-17 06:11:17.698  INFO 12916 --- [           main] trationDelegate$BeanPostProcessorChecker : Bean 'org.springframework.security.access.expression.method.DefaultMethodSecurityExpressionHandler@22b9f45f' of type [org.springframework.security.access.expression.method.DefaultMethodSecurityExpressionHandler] is not eligible for getting processed by all BeanPostProcessors (for example: not eligible for auto-proxying)
2024-06-17 06:11:17.722  INFO 12916 --- [           main] trationDelegate$BeanPostProcessorChecker : Bean 'methodSecurityMetadataSource' of type [org.springframework.security.access.method.DelegatingMethodSecurityMetadataSource] is not eligible for getting processed by all BeanPostProcessors (for example: not eligible for auto-proxying)
2024-06-17 06:11:17.833  INFO 12916 --- [           main] o.hibernate.jpa.internal.util.LogHelper  : HHH000204: Processing PersistenceUnitInfo [name: default]
2024-06-17 06:11:17.845  INFO 12916 --- [           main] com.zaxxer.hikari.HikariDataSource       : HikariPool-2 - Starting...
2024-06-17 06:11:20.550  INFO 12916 --- [           main] com.zaxxer.hikari.HikariDataSource       : HikariPool-2 - Start completed.
2024-06-17 06:11:20.551  INFO 12916 --- [           main] org.hibernate.dialect.Dialect            : HHH000400: Using dialect: org.hibernate.dialect.PostgreSQLDialect
2024-06-17 06:11:32.386  INFO 12916 --- [           main] o.h.e.t.j.p.i.JtaPlatformInitiator       : HHH000490: Using JtaPlatform implementation: [org.hibernate.engine.transaction.jta.platform.internal.NoJtaPlatform]
2024-06-17 06:11:32.387  INFO 12916 --- [           main] j.LocalContainerEntityManagerFactoryBean : Initialized JPA EntityManagerFactory for persistence unit 'default'
2024-06-17 06:11:32.562  WARN 12916 --- [           main] JpaBaseConfiguration$JpaWebConfiguration : spring.jpa.open-in-view is enabled by default. Therefore, database queries may be performed during view rendering. Explicitly configure spring.jpa.open-in-view to disable this warning
2024-06-17 06:11:36.891  INFO 12916 --- [           main] o.s.s.web.DefaultSecurityFilterChain     : Will secure any request with [org.springframework.security.web.context.request.async.WebAsyncManagerIntegrationFilter@8d44ee6, org.springframework.security.web.context.SecurityContextPersistenceFilter@2bab73fd, org.springframework.security.web.header.HeaderWriterFilter@4d829889, org.springframework.web.filter.CorsFilter@e7283dd, org.springframework.security.web.authentication.logout.LogoutFilter@372ea7fa, com.fst.back_etat_civil.security.jwt.AuthTokenFilter@5f19dea8, org.springframework.security.web.savedrequest.RequestCacheAwareFilter@7ce00985, org.springframework.security.web.servletapi.SecurityContextHolderAwareRequestFilter@257f8040, org.springframework.security.web.authentication.AnonymousAuthenticationFilter@8b62702, org.springframework.security.web.session.SessionManagementFilter@6ac9b6d, org.springframework.security.web.access.ExceptionTranslationFilter@4b0393ee, org.springframework.security.web.access.intercept.FilterSecurityInterceptor@45cee4d2]
2024-06-17 06:11:37.003  INFO 12916 --- [           main] o.s.s.concurrent.ThreadPoolTaskExecutor  : Initializing ExecutorService 'applicationTaskExecutor'
2024-06-17 06:11:37.458  INFO 12916 --- [           main] o.s.b.t.m.w.SpringBootMockServletContext : Initializing Spring TestDispatcherServlet ''
2024-06-17 06:11:37.459  INFO 12916 --- [           main] o.s.t.web.servlet.TestDispatcherServlet  : Initializing Servlet ''
2024-06-17 06:11:37.462  INFO 12916 --- [           main] o.s.t.web.servlet.TestDispatcherServlet  : Completed initialization in 3 ms
2024-06-17 06:11:38.191  INFO 12916 --- [           main] c.f.b.test.AuthControllerFunctionalTest  : Started AuthControllerFunctionalTest in 21.797 seconds (JVM running for 64.528)
Hibernate: select user0_.id as id1_11_, user0_.email as email2_11_, user0_.password as password3_11_, user0_.username as username4_11_ from users user0_ where user0_.username=?
2024-06-17 06:11:40.395 ERROR 12916 --- [           main] c.f.b.security.jwt.AuthEntryPointJwt     : Unauthorized error: Bad credentials

MockHttpServletRequest:
      HTTP Method = POST
      Request URI = /api/auth/signin
       Parameters = {}
          Headers = [Content-Type:"application/json;charset=UTF-8", Content-Length:"38"]
             Body = {"username":"admin","password":"0000"}
    Session Attrs = {}

Handler:
             Type = com.fst.back_etat_civil.controller.AuthController
           Method = com.fst.back_etat_civil.controller.AuthController#authenticateUser(LoginRequest)

Async:
    Async started = false
     Async result = null

Resolved Exception:
             Type = null

ModelAndView:
        View name = null
             View = null
            Model = null

FlashMap:
       Attributes = null

MockHttpServletResponse:
           Status = 401
    Error message = Error: Unauthorized
          Headers = [Vary:"Origin", "Access-Control-Request-Method", "Access-Control-Request-Headers", X-Content-Type-Options:"nosniff", X-XSS-Protection:"1; mode=block", Cache-Control:"no-cache, no-store, max-age=0, must-revalidate", Pragma:"no-cache", Expires:"0", X-Frame-Options:"DENY", Content-Type:"application/json"]
     Content type = application/json
             Body = {"path":"","error":"Unauthorized","message":"Bad credentials","status":401}
    Forwarded URL = null
   Redirected URL = null
          Cookies = []
]]></system-out>
  </testcase>
</testsuite>